INFO (Domain): Trying to find a default geometry and mesh  for TwoTriangles and Default_UnitSquare
INFO (Domain): Loading default domain description: Default_UnitSquare.
# current date and time: Wed Dec  1 17:50:40 2021
# ParMooN hg revision: cdaeaa868138
# ParMooN hg branch  : default
# ParMooN, local changes: false
# ParMooN build information: RELEASE, SEQUENTIAL
# hostname: erhard-10
# A ParMooN parameter database with 45 parameters and 0 nested databases

# The name of the database.
[ TimeNavierStokes parameter database ]

outfile: ../Reynolds_nr_Scaling_2021-11-29_19-28-37/SinCos.h/SV2_Re=100.0/output_files/ref_3_sigma_1.0e+01_velocity_12_example_2.out
problem_type: 0
output_write_ps: false
verbosity: 3
script_mode: true
write_snaps: false
compute_POD_basis: false
ROM_method: false
RE_NR: 100.0
example: 2
degree_polynomial: 0
is_RT_polynomial: false
boundary_file: Default_UnitSquare
geo_file: TwoTriangles
symmetry_DG: 1
face_sigma_DG: 10
VELOCITY_SPACE: 12
refinement_n_initial_steps: 3
output_directory: ../Reynolds_nr_Scaling_2021-11-29_19-28-37/SinCos.h/SV2_Re=100.0/xdmf_files
output_basename: ref_3_sigma_1.0e+01_velocity_12_example_2
separate_h5_files: false
nonlinloop_maxit: 100
nonlinloop_epsilon: 1.000000000000000e-10
nonlinloop_slowfactor: 1.0
reynolds_number: 100.0
output_write_xdmf: true
output_xdmf_format: 1
PRESSURE_SPACE: -4711
NSTYPE: 3
LAPLACETYPE: 0
nse_nonlinear_form: convective
space_discretization_type: galerkin
output_compute_errors: true
FLOW_PROBLEM_TYPE: 3
USE_ISOPARAMETRIC: 0
solver_type: direct
direct_solver_type: umfpack
solver_verbosity: 2
max_n_iterations: 10000
iterative_solver_type: fgmres
residual_tolerance: 1.000000000000000e-12
preconditioner: vanka_cell
INTERNAL_PROBLEM_LINEAR: 1
damping_factor: 0.5
multigrid_vanka_damp_factor: 0.5
>>> Start printing old database (ParamDB) <<<
HOSTNAME: erhard-10 started on Wed Dec  1 17:50:40 2021

EXECUTED FILE: ./../build/nse2d
VERSION: 1
MapperType: 1
ANSATZ_ORDER: 2
VELOCITY_SPACE: 12
PRESSURE_SPACE: -4711
UPWIND_ORDER: 0
UPWIND_FLUX_DAMP: 1
UPWIND_APPLICATION: 0
NSTYPE: 3
SIGMA_PERM: 1
LAPLACETYPE: 0
USE_ISOPARAMETRIC: 0
CELL_MEASURE: 0
FACE_SIGMA: 1
WEAK_BC_SIGMA: 1
WEAK_BC: 0
RE_NR: 100
FLOW_PROBLEM_TYPE: 3
PE_NR: 1
DELTA0: 1
SDFEM_TYPE: 2
DELTA1: 1
CIP_TYPE: 0
SOLD_TYPE: 0
SOLD_PARAMETER_TYPE: 11
SOLD_CONST: 1
SOLD_POWER: 1
SOLD_S: 1
SOLD_U0: 1
SOLD_PARAMETER_SCALING: 0
SOLD_PARAMETER_SCALING_FACTOR: 1
FILTER_WIDTH_CONSTANT: 2
FILTER_WIDTH_POWER: 1
GAUSSIAN_GAMMA: 6
TURBULENT_VISCOSITY_TYPE: 1
TURBULENT_VISCOSITY_TENSOR: 0
TURBULENT_VISCOSITY_CONSTANT: 0.01
TURBULENT_VISCOSITY_POWER: 1
TURBULENT_VISCOSITY_SIGMA: 6
ARTIFICIAL_VISCOSITY_CONSTANT: 1
ARTIFICIAL_VISCOSITY_POWER: 1
FRICTION_CONSTANT: 0
FRICTION_POWER: 0
FRICTION_TYPE: 0
FRICTION_U0: 1
PENETRATION_CONSTANT: 1e+12
PENETRATION_POWER: -2
DIV_DIV_STAB_TYPE: 0
DIV_DIV_STAB_C1: 2
DIV_DIV_STAB_C2: 1
OSEEN_ZERO_ORDER_COEFF: 0
LP_FULL_GRADIENT: 0
LP_STREAMLINE: 0
LP_DIVERGENCE: 0
LP_PRESSURE: 0
LP_COEFF_TYPE: 0
LP_FULL_GRADIENT_COEFF: 0
LP_STREAMLINE_COEFF: 0
LP_PRESSURE_COEFF: 0
LP_FULL_GRADIENT_EXPONENT: 1
LP_STREAMLINE_EXPONENT: 1
LP_PRESSURE_EXPONENT: 1
LP_ORDER_DIFFERENCE: 1
LP_FULL_GRADIENT_ORDER_DIFFERENCE: 1
LP_STREAMLINE_ORDER_DIFFERENCE: 1
LP_PRESSURE_ORDER_DIFFERENCE: 1
P0: 0
P1: 0
P2: 0
P3: 0
P4: 0
P5: 0
P6: 0
P7: 0
P8: 0
P9: 0
P10: 0
P11: 0
P12: 0
P13: 0
P14: 0
P15: 0
VORTICITY THICKNESS FOR MIXING LAYER (P8): 0
VMS_ADAPT_LOWER: 0.25
VMS_ADAPT_MIDDLE: 1
VMS_ADAPT_UPPER: 3
VMS_ADAPT_COMP: 1
SUPERCONVERGENCE_ORDER: 0
INPUT_QUAD_RULE: 0
Example: 2d (Navier-)Stokes SinCos.h.
WARNING (The parameter problem_type doesn't correspond neither to NSE nor to Stokes or Brinkman. It is now reset to the default value for NSE (=5).): 
WARNING (You chose to use Scott-Vogelius finite elements, make sure that the final refinement step is barycentric, see the parameter 'refinement_final_step_barycentric'.): 
velocity space         2
pressure space       -11
INFO (Pressure Projection): BlockFEMatrix identified as enclosed-flow saddle point matrix. Pressure projection enabled.
STATS (NavierStokes): Mesh data and problem size on finest grid
 > N_Cells            :         128
 > h(min, max)        :    0.176777          0.176777
 > dof velocity       :         578
 > dof velocity active:         450
 > dof pressure       :         384
 > dof total          :         962
Quadrature formula for triangles is Degree9Tria
WARNING (UMFPACK): Matrix is singular!
WARNING (UMFPACK): Matrix is singular!
--- TIME: time for solving procedure: 0.011128, 0.0150008 s (CPU time, wall time)
u0 min 0  max 1.59756229073
u1 min -3.14159265359  max 3.14159265359
WARNING (TFEFunction2D::compute_cell_wise_min_max_function_eval): Method was not successful on cell 0
WARNING (TFEFunction2D::compute_cell_wise_min_max_function_eval): Method was not successful on cell 1
WARNING (TFEFunction2D::compute_cell_wise_min_max_function_eval): Method was not successful on cell 2
WARNING (TFEFunction2D::compute_cell_wise_min_max_function_eval): Method was not successful on cell 3
WARNING (TFEFunction2D::compute_cell_wise_min_max_function_eval): Method was not successful on cell 4
WARNING (TFEFunction2D::compute_cell_wise_min_max_function_eval): Method was not successful on cell 5
WARNING (TFEFunction2D::compute_cell_wise_min_max_function_eval): Method was not successful on cell 6
WARNING (TFEFunction2D::compute_cell_wise_min_max_function_eval): Method was not successful on cell 7
WARNING (TFEFunction2D::compute_cell_wise_min_max_function_eval): Method was not successful on cell 8
WARNING (TFEFunction2D::compute_cell_wise_min_max_function_eval): Method was not successful on cell 9
WARNING (TFEFunction2D::compute_cell_wise_min_max_function_eval): Method was not successful on cell 10
WARNING (TFEFunction2D::compute_cell_wise_min_max_function_eval): Method was not successful on cell 11
WARNING (TFEFunction2D::compute_cell_wise_min_max_function_eval): Method was not successful on cell 12
WARNING (TFEFunction2D::compute_cell_wise_min_max_function_eval): Method was not successful on cell 13
WARNING (TFEFunction2D::compute_cell_wise_min_max_function_eval): Method was not successful on cell 14
WARNING (TFEFunction2D::compute_cell_wise_min_max_function_eval): Method was not successful on cell 15
WARNING (TFEFunction2D::compute_cell_wise_min_max_function_eval): Method was not successful on cell 16
WARNING (TFEFunction2D::compute_cell_wise_min_max_function_eval): Method was not successful on cell 17
WARNING (TFEFunction2D::compute_cell_wise_min_max_function_eval): Method was not successful on cell 18
WARNING (TFEFunction2D::compute_cell_wise_min_max_function_eval): Method was not successful on cell 19
WARNING (TFEFunction2D::compute_cell_wise_min_max_function_eval): Method was not successful on cell 20
WARNING (TFEFunction2D::compute_cell_wise_min_max_function_eval): Method was not successful on cell 21
WARNING (TFEFunction2D::compute_cell_wise_min_max_function_eval): Method was not successful on cell 22
WARNING (TFEFunction2D::compute_cell_wise_min_max_function_eval): Method was not successful on cell 23
WARNING (TFEFunction2D::compute_cell_wise_min_max_function_eval): Method was not successful on cell 24
WARNING (TFEFunction2D::compute_cell_wise_min_max_function_eval): Method was not successful on cell 25
WARNING (TFEFunction2D::compute_cell_wise_min_max_function_eval): Method was not successful on cell 26
WARNING (TFEFunction2D::compute_cell_wise_min_max_function_eval): Method was not successful on cell 27
WARNING (TFEFunction2D::compute_cell_wise_min_max_function_eval): Method was not successful on cell 28
WARNING (TFEFunction2D::compute_cell_wise_min_max_function_eval): Method was not successful on cell 29
WARNING (TFEFunction2D::compute_cell_wise_min_max_function_eval): Method was not successful on cell 30
WARNING (TFEFunction2D::compute_cell_wise_min_max_function_eval): Method was not successful on cell 31
WARNING (TFEFunction2D::compute_cell_wise_min_max_function_eval): Method was not successful on cell 32
WARNING (TFEFunction2D::compute_cell_wise_min_max_function_eval): Method was not successful on cell 33
WARNING (TFEFunction2D::compute_cell_wise_min_max_function_eval): Method was not successful on cell 34
WARNING (TFEFunction2D::compute_cell_wise_min_max_function_eval): Method was not successful on cell 35
WARNING (TFEFunction2D::compute_cell_wise_min_max_function_eval): Method was not successful on cell 36
WARNING (TFEFunction2D::compute_cell_wise_min_max_function_eval): Method was not successful on cell 37
WARNING (TFEFunction2D::compute_cell_wise_min_max_function_eval): Method was not successful on cell 38
WARNING (TFEFunction2D::compute_cell_wise_min_max_function_eval): Method was not successful on cell 39
WARNING (TFEFunction2D::compute_cell_wise_min_max_function_eval): Method was not successful on cell 40
WARNING (TFEFunction2D::compute_cell_wise_min_max_function_eval): Method was not successful on cell 41
WARNING (TFEFunction2D::compute_cell_wise_min_max_function_eval): Method was not successful on cell 42
WARNING (TFEFunction2D::compute_cell_wise_min_max_function_eval): Method was not successful on cell 43
WARNING (TFEFunction2D::compute_cell_wise_min_max_function_eval): Method was not successful on cell 44
WARNING (TFEFunction2D::compute_cell_wise_min_max_function_eval): Method was not successful on cell 45
WARNING (TFEFunction2D::compute_cell_wise_min_max_function_eval): Method was not successful on cell 46
WARNING (TFEFunction2D::compute_cell_wise_min_max_function_eval): Method was not successful on cell 47
WARNING (TFEFunction2D::compute_cell_wise_min_max_function_eval): Method was not successful on cell 48
WARNING (TFEFunction2D::compute_cell_wise_min_max_function_eval): Method was not successful on cell 49
WARNING (TFEFunction2D::compute_cell_wise_min_max_function_eval): Method was not successful on cell 50
WARNING (TFEFunction2D::compute_cell_wise_min_max_function_eval): Method was not successful on cell 51
WARNING (TFEFunction2D::compute_cell_wise_min_max_function_eval): Method was not successful on cell 52
WARNING (TFEFunction2D::compute_cell_wise_min_max_function_eval): Method was not successful on cell 53
WARNING (TFEFunction2D::compute_cell_wise_min_max_function_eval): Method was not successful on cell 54
WARNING (TFEFunction2D::compute_cell_wise_min_max_function_eval): Method was not successful on cell 55
WARNING (TFEFunction2D::compute_cell_wise_min_max_function_eval): Method was not successful on cell 56
WARNING (TFEFunction2D::compute_cell_wise_min_max_function_eval): Method was not successful on cell 57
WARNING (TFEFunction2D::compute_cell_wise_min_max_function_eval): Method was not successful on cell 58
WARNING (TFEFunction2D::compute_cell_wise_min_max_function_eval): Method was not successful on cell 59
WARNING (TFEFunction2D::compute_cell_wise_min_max_function_eval): Method was not successful on cell 60
WARNING (TFEFunction2D::compute_cell_wise_min_max_function_eval): Method was not successful on cell 61
WARNING (TFEFunction2D::compute_cell_wise_min_max_function_eval): Method was not successful on cell 62
WARNING (TFEFunction2D::compute_cell_wise_min_max_function_eval): Method was not successful on cell 63
WARNING (TFEFunction2D::compute_cell_wise_min_max_function_eval): Method was not successful on cell 64
WARNING (TFEFunction2D::compute_cell_wise_min_max_function_eval): Method was not successful on cell 65
WARNING (TFEFunction2D::compute_cell_wise_min_max_function_eval): Method was not successful on cell 66
WARNING (TFEFunction2D::compute_cell_wise_min_max_function_eval): Method was not successful on cell 67
WARNING (TFEFunction2D::compute_cell_wise_min_max_function_eval): Method was not successful on cell 68
WARNING (TFEFunction2D::compute_cell_wise_min_max_function_eval): Method was not successful on cell 69
WARNING (TFEFunction2D::compute_cell_wise_min_max_function_eval): Method was not successful on cell 70
WARNING (TFEFunction2D::compute_cell_wise_min_max_function_eval): Method was not successful on cell 71
WARNING (TFEFunction2D::compute_cell_wise_min_max_function_eval): Method was not successful on cell 72
WARNING (TFEFunction2D::compute_cell_wise_min_max_function_eval): Method was not successful on cell 73
WARNING (TFEFunction2D::compute_cell_wise_min_max_function_eval): Method was not successful on cell 74
WARNING (TFEFunction2D::compute_cell_wise_min_max_function_eval): Method was not successful on cell 75
WARNING (TFEFunction2D::compute_cell_wise_min_max_function_eval): Method was not successful on cell 76
WARNING (TFEFunction2D::compute_cell_wise_min_max_function_eval): Method was not successful on cell 77
WARNING (TFEFunction2D::compute_cell_wise_min_max_function_eval): Method was not successful on cell 78
WARNING (TFEFunction2D::compute_cell_wise_min_max_function_eval): Method was not successful on cell 79
WARNING (TFEFunction2D::compute_cell_wise_min_max_function_eval): Method was not successful on cell 80
WARNING (TFEFunction2D::compute_cell_wise_min_max_function_eval): Method was not successful on cell 81
WARNING (TFEFunction2D::compute_cell_wise_min_max_function_eval): Method was not successful on cell 82
WARNING (TFEFunction2D::compute_cell_wise_min_max_function_eval): Method was not successful on cell 83
WARNING (TFEFunction2D::compute_cell_wise_min_max_function_eval): Method was not successful on cell 84
WARNING (TFEFunction2D::compute_cell_wise_min_max_function_eval): Method was not successful on cell 85
WARNING (TFEFunction2D::compute_cell_wise_min_max_function_eval): Method was not successful on cell 86
WARNING (TFEFunction2D::compute_cell_wise_min_max_function_eval): Method was not successful on cell 87
WARNING (TFEFunction2D::compute_cell_wise_min_max_function_eval): Method was not successful on cell 88
WARNING (TFEFunction2D::compute_cell_wise_min_max_function_eval): Method was not successful on cell 89
WARNING (TFEFunction2D::compute_cell_wise_min_max_function_eval): Method was not successful on cell 90
WARNING (TFEFunction2D::compute_cell_wise_min_max_function_eval): Method was not successful on cell 91
WARNING (TFEFunction2D::compute_cell_wise_min_max_function_eval): Method was not successful on cell 92
WARNING (TFEFunction2D::compute_cell_wise_min_max_function_eval): Method was not successful on cell 93
WARNING (TFEFunction2D::compute_cell_wise_min_max_function_eval): Method was not successful on cell 94
WARNING (TFEFunction2D::compute_cell_wise_min_max_function_eval): Method was not successful on cell 95
WARNING (TFEFunction2D::compute_cell_wise_min_max_function_eval): Method was not successful on cell 96
WARNING (TFEFunction2D::compute_cell_wise_min_max_function_eval): Method was not successful on cell 97
WARNING (TFEFunction2D::compute_cell_wise_min_max_function_eval): Method was not successful on cell 98
WARNING (TFEFunction2D::compute_cell_wise_min_max_function_eval): Method was not successful on cell 99
WARNING (TFEFunction2D::compute_cell_wise_min_max_function_eval): Method was not successful on cell 100
WARNING (TFEFunction2D::compute_cell_wise_min_max_function_eval): Method was not successful on cell 101
WARNING (TFEFunction2D::compute_cell_wise_min_max_function_eval): Method was not successful on cell 102
WARNING (TFEFunction2D::compute_cell_wise_min_max_function_eval): Method was not successful on cell 103
WARNING (TFEFunction2D::compute_cell_wise_min_max_function_eval): Method was not successful on cell 104
WARNING (TFEFunction2D::compute_cell_wise_min_max_function_eval): Method was not successful on cell 105
WARNING (TFEFunction2D::compute_cell_wise_min_max_function_eval): Method was not successful on cell 106
WARNING (TFEFunction2D::compute_cell_wise_min_max_function_eval): Method was not successful on cell 107
WARNING (TFEFunction2D::compute_cell_wise_min_max_function_eval): Method was not successful on cell 108
WARNING (TFEFunction2D::compute_cell_wise_min_max_function_eval): Method was not successful on cell 109
WARNING (TFEFunction2D::compute_cell_wise_min_max_function_eval): Method was not successful on cell 110
WARNING (TFEFunction2D::compute_cell_wise_min_max_function_eval): Method was not successful on cell 111
WARNING (TFEFunction2D::compute_cell_wise_min_max_function_eval): Method was not successful on cell 112
WARNING (TFEFunction2D::compute_cell_wise_min_max_function_eval): Method was not successful on cell 113
WARNING (TFEFunction2D::compute_cell_wise_min_max_function_eval): Method was not successful on cell 114
WARNING (TFEFunction2D::compute_cell_wise_min_max_function_eval): Method was not successful on cell 115
WARNING (TFEFunction2D::compute_cell_wise_min_max_function_eval): Method was not successful on cell 116
WARNING (TFEFunction2D::compute_cell_wise_min_max_function_eval): Method was not successful on cell 117
WARNING (TFEFunction2D::compute_cell_wise_min_max_function_eval): Method was not successful on cell 118
WARNING (TFEFunction2D::compute_cell_wise_min_max_function_eval): Method was not successful on cell 119
WARNING (TFEFunction2D::compute_cell_wise_min_max_function_eval): Method was not successful on cell 120
WARNING (TFEFunction2D::compute_cell_wise_min_max_function_eval): Method was not successful on cell 121
WARNING (TFEFunction2D::compute_cell_wise_min_max_function_eval): Method was not successful on cell 122
WARNING (TFEFunction2D::compute_cell_wise_min_max_function_eval): Method was not successful on cell 123
WARNING (TFEFunction2D::compute_cell_wise_min_max_function_eval): Method was not successful on cell 124
WARNING (TFEFunction2D::compute_cell_wise_min_max_function_eval): Method was not successful on cell 125
WARNING (TFEFunction2D::compute_cell_wise_min_max_function_eval): Method was not successful on cell 126
WARNING (TFEFunction2D::compute_cell_wise_min_max_function_eval): Method was not successful on cell 127
WARNING: TFEFunction2D::MinMax was not successful!
 DataWriter:: writing ../Reynolds_nr_Scaling_2021-11-29_19-28-37/SinCos.h/SV2_Re=100.0/xdmf_files/ref_3_sigma_1.0e+01_velocity_12_example_2.xdmf
--- TIME: time for writing vtk/xdmf files: 0.001294, 0.019933 s (CPU time, wall time)
Maximal pointwise error appeared in: 0.46765 0.347255 value: 0.593835
Maximal pointwise error appeared in: 0.370395 0.21765 value: 0.516234
Maximal pointwise error is zero
--------------------------------------------
STATS (NavierStokes): Measured errors
 > L2(u)     : 0.20921641655109
 > L2(div(u)): 0.84309471261825
 > H1-semi(u): 4.1459780281222
 > L2(p)     : nan
 > H1-semi(p): nan
 > L2(u)_boundary: 0
 > L2(u.n)_boundary: 0
--------------------------------------------
INFO (Example_NSE2D): No post processing done for the current example.
--- TIME: time for complete NSE2D_ParMooN program: 0.022962, 0.0454998 s (CPU time, wall time)
